c:\users\김기영\desktop\새 폴더\20191-cdp-team-01\neuroniclesw\debug\neuroniclesw.pch
c:\users\김기영\desktop\새 폴더\20191-cdp-team-01\neuroniclesw\debug\vc141.pdb
c:\users\김기영\desktop\새 폴더\20191-cdp-team-01\neuroniclesw\debug\vc141.idb
c:\users\김기영\desktop\새 폴더\20191-cdp-team-01\neuroniclesw\debug\stdafx.obj
c:\users\김기영\desktop\새 폴더\20191-cdp-team-01\neuroniclesw\debug\neuronicleswview.obj
c:\users\김기영\desktop\새 폴더\20191-cdp-team-01\neuroniclesw\debug\neuronicleswdoc.obj
c:\users\김기영\desktop\새 폴더\20191-cdp-team-01\neuroniclesw\debug\neuroniclesw.obj
c:\users\김기영\desktop\새 폴더\20191-cdp-team-01\neuroniclesw\debug\mainfrm.obj
c:\users\김기영\desktop\새 폴더\20191-cdp-team-01\neuroniclesw\debug\ccomportview.obj
c:\users\김기영\desktop\새 폴더\20191-cdp-team-01\neuroniclesw\debug\neuroniclesw.exe
c:\users\김기영\desktop\새 폴더\20191-cdp-team-01\neuroniclesw\debug\neuroniclesw.ilk
c:\users\김기영\desktop\새 폴더\20191-cdp-team-01\neuroniclesw\debug\neuroniclesw.pdb
c:\users\김기영\desktop\새 폴더\20191-cdp-team-01\neuroniclesw\debug\neuroniclesw.res
d:\dev\clupi\new\neuroniclesw\debug\ccomportview.obj
d:\dev\clupi\new\neuroniclesw\debug\mainfrm.obj
d:\dev\clupi\new\neuroniclesw\debug\neuroniclesw.obj
d:\dev\clupi\new\neuroniclesw\debug\neuronicleswdoc.obj
d:\dev\clupi\new\neuroniclesw\debug\neuronicleswview.obj
d:\dev\clupi\new\neuroniclesw\debug\stdafx.obj
d:\dev\clupi\new\neuroniclesw\debug\neuroniclesw.ilk
d:\dev\clupi\new\neuroniclesw\debug\neuroniclesw.res
d:\dev\clupi\new\neuroniclesw\debug\neuroniclesw.pch
d:\dev\clupi\new\neuroniclesw\debug\vc141.idb
d:\dev\clupi\new\neuroniclesw\debug\neuroniclesw.pdb
d:\dev\clupi\new\neuroniclesw\debug\vc141.pdb
d:\dev\clupi\new\neuroniclesw\debug\neuroniclesw.exe
d:\dev\clupi\new\neuroniclesw\debug\neuroniclesw.tlog\cl.command.1.tlog
d:\dev\clupi\new\neuroniclesw\debug\neuroniclesw.tlog\cl.read.1.tlog
d:\dev\clupi\new\neuroniclesw\debug\neuroniclesw.tlog\cl.write.1.tlog
d:\dev\clupi\new\neuroniclesw\debug\neuroniclesw.tlog\link.command.1.tlog
d:\dev\clupi\new\neuroniclesw\debug\neuroniclesw.tlog\link.read.1.tlog
d:\dev\clupi\new\neuroniclesw\debug\neuroniclesw.tlog\link.write.1.tlog
d:\dev\clupi\new\neuroniclesw\debug\neuroniclesw.tlog\rc.command.1.tlog
d:\dev\clupi\new\neuroniclesw\debug\neuroniclesw.tlog\rc.read.1.tlog
d:\dev\clupi\new\neuroniclesw\debug\neuroniclesw.tlog\rc.write.1.tlog
